17:20:03,002 INFO  [org.openqa.selenium.server.SeleniumServer] Java: Oracle Corporation 24.75-b04
17:20:03,002 INFO  [org.openqa.selenium.server.SeleniumServer] OS: Mac OS X 10.10.3 x86_64
17:20:03,053 INFO  [org.openqa.selenium.server.SeleniumServer] v2.37.0, with Core v2.37.0. Built from revision a7c61cbd68657e133ae96672cf995890bad2ee42
17:20:03.368 WARN - Unable to register driver with className org.openqa.selenium.htmlunit.HtmlUnitDriver - dependency missing due org/openqa/selenium/HasInputDevices
java.lang.NoClassDefFoundError: org/openqa/selenium/HasInputDevices
	at java.lang.ClassLoader.defineClass1(Native Method)
	at java.lang.ClassLoader.defineClass(ClassLoader.java:800)
	at java.security.SecureClassLoader.defineClass(SecureClassLoader.java:142)
	at java.net.URLClassLoader.defineClass(URLClassLoader.java:449)
	at java.net.URLClassLoader.access$100(URLClassLoader.java:71)
	at java.net.URLClassLoader$1.run(URLClassLoader.java:361)
	at java.net.URLClassLoader$1.run(URLClassLoader.java:355)
	at java.security.AccessController.doPrivileged(Native Method)
	at java.net.URLClassLoader.findClass(URLClassLoader.java:354)
	at java.lang.ClassLoader.loadClass(ClassLoader.java:425)
	at sun.misc.Launcher$AppClassLoader.loadClass(Launcher.java:308)
	at java.lang.ClassLoader.loadClass(ClassLoader.java:358)
	at java.lang.Class.forName0(Native Method)
	at java.lang.Class.forName(Class.java:191)
	at org.openqa.selenium.remote.server.DefaultDriverSessions.registerDriver(DefaultDriverSessions.java:94)
	at org.openqa.selenium.remote.server.DefaultDriverSessions.registerDefaults(DefaultDriverSessions.java:82)
	at org.openqa.selenium.remote.server.DefaultDriverSessions.<init>(DefaultDriverSessions.java:69)
	at org.openqa.selenium.remote.server.DefaultDriverSessions.<init>(DefaultDriverSessions.java:56)
	at org.openqa.selenium.server.SeleniumServer.assembleHandlers(SeleniumServer.java:362)
	at org.openqa.selenium.server.SeleniumServer.createJettyServer(SeleniumServer.java:322)
	at org.openqa.selenium.server.SeleniumServer.<init>(SeleniumServer.java:277)
	at org.openqa.selenium.server.SeleniumServer.main(SeleniumServer.java:244)
Caused by: java.lang.ClassNotFoundException: org.openqa.selenium.HasInputDevices
	at java.net.URLClassLoader$1.run(URLClassLoader.java:366)
	at java.net.URLClassLoader$1.run(URLClassLoader.java:355)
	at java.security.AccessController.doPrivileged(Native Method)
	at java.net.URLClassLoader.findClass(URLClassLoader.java:354)
	at java.lang.ClassLoader.loadClass(ClassLoader.java:425)
	at sun.misc.Launcher$AppClassLoader.loadClass(Launcher.java:308)
	at java.lang.ClassLoader.loadClass(ClassLoader.java:358)
	... 22 more
17:20:03.371 INFO - Default driver org.openqa.selenium.ie.InternetExplorerDriver registration is skipped: registration capabilities Capabilities [{platform=WINDOWS, ensureCleanSession=true, browserName=internet explorer, version=}] does not match with current platform: MAC
17:20:03.371 INFO - Unable to register driver with className com.opera.core.systems.OperaDriver - not be able to create due com.opera.core.systems.OperaDriver
java.lang.ClassNotFoundException: com.opera.core.systems.OperaDriver
	at java.net.URLClassLoader$1.run(URLClassLoader.java:366)
	at java.net.URLClassLoader$1.run(URLClassLoader.java:355)
	at java.security.AccessController.doPrivileged(Native Method)
	at java.net.URLClassLoader.findClass(URLClassLoader.java:354)
	at java.lang.ClassLoader.loadClass(ClassLoader.java:425)
	at sun.misc.Launcher$AppClassLoader.loadClass(Launcher.java:308)
	at java.lang.ClassLoader.loadClass(ClassLoader.java:358)
	at java.lang.Class.forName0(Native Method)
	at java.lang.Class.forName(Class.java:191)
	at org.openqa.selenium.remote.server.DefaultDriverSessions.registerDriver(DefaultDriverSessions.java:94)
	at org.openqa.selenium.remote.server.DefaultDriverSessions.registerDefaults(DefaultDriverSessions.java:82)
	at org.openqa.selenium.remote.server.DefaultDriverSessions.<init>(DefaultDriverSessions.java:69)
	at org.openqa.selenium.remote.server.DefaultDriverSessions.<init>(DefaultDriverSessions.java:56)
	at org.openqa.selenium.server.SeleniumServer.assembleHandlers(SeleniumServer.java:362)
	at org.openqa.selenium.server.SeleniumServer.createJettyServer(SeleniumServer.java:322)
	at org.openqa.selenium.server.SeleniumServer.<init>(SeleniumServer.java:277)
	at org.openqa.selenium.server.SeleniumServer.main(SeleniumServer.java:244)
17:20:03.372 INFO - Unable to register driver with className org.openqa.selenium.phantomjs.PhantomJSDriver - not be able to create due org.openqa.selenium.phantomjs.PhantomJSDriver
java.lang.ClassNotFoundException: org.openqa.selenium.phantomjs.PhantomJSDriver
	at java.net.URLClassLoader$1.run(URLClassLoader.java:366)
	at java.net.URLClassLoader$1.run(URLClassLoader.java:355)
	at java.security.AccessController.doPrivileged(Native Method)
	at java.net.URLClassLoader.findClass(URLClassLoader.java:354)
	at java.lang.ClassLoader.loadClass(ClassLoader.java:425)
	at sun.misc.Launcher$AppClassLoader.loadClass(Launcher.java:308)
	at java.lang.ClassLoader.loadClass(ClassLoader.java:358)
	at java.lang.Class.forName0(Native Method)
	at java.lang.Class.forName(Class.java:191)
	at org.openqa.selenium.remote.server.DefaultDriverSessions.registerDriver(DefaultDriverSessions.java:94)
	at org.openqa.selenium.remote.server.DefaultDriverSessions.registerDefaults(DefaultDriverSessions.java:82)
	at org.openqa.selenium.remote.server.DefaultDriverSessions.<init>(DefaultDriverSessions.java:69)
	at org.openqa.selenium.remote.server.DefaultDriverSessions.<init>(DefaultDriverSessions.java:56)
	at org.openqa.selenium.server.SeleniumServer.assembleHandlers(SeleniumServer.java:362)
	at org.openqa.selenium.server.SeleniumServer.createJettyServer(SeleniumServer.java:322)
	at org.openqa.selenium.server.SeleniumServer.<init>(SeleniumServer.java:277)
	at org.openqa.selenium.server.SeleniumServer.main(SeleniumServer.java:244)
17:20:03.396 WARN - Unable to register driver with className org.openqa.selenium.firefox.FirefoxDriver - dependency missing due org/openqa/selenium/remote/RenderedRemoteWebElement
java.lang.NoClassDefFoundError: org/openqa/selenium/remote/RenderedRemoteWebElement
	at java.lang.ClassLoader.defineClass1(Native Method)
	at java.lang.ClassLoader.defineClass(ClassLoader.java:800)
	at java.security.SecureClassLoader.defineClass(SecureClassLoader.java:142)
	at java.net.URLClassLoader.defineClass(URLClassLoader.java:449)
	at java.net.URLClassLoader.access$100(URLClassLoader.java:71)
	at java.net.URLClassLoader$1.run(URLClassLoader.java:361)
	at java.net.URLClassLoader$1.run(URLClassLoader.java:355)
	at java.security.AccessController.doPrivileged(Native Method)
	at java.net.URLClassLoader.findClass(URLClassLoader.java:354)
	at java.lang.ClassLoader.loadClass(ClassLoader.java:425)
	at sun.misc.Launcher$AppClassLoader.loadClass(Launcher.java:308)
	at java.lang.ClassLoader.loadClass(ClassLoader.java:358)
	at java.lang.Class.forName0(Native Method)
	at java.lang.Class.forName(Class.java:191)
	at org.openqa.selenium.remote.server.DefaultDriverSessions.registerDriver(DefaultDriverSessions.java:94)
	at org.openqa.selenium.remote.server.DefaultDriverSessions.registerDefaults(DefaultDriverSessions.java:82)
	at org.openqa.selenium.remote.server.DefaultDriverSessions.<init>(DefaultDriverSessions.java:69)
	at org.openqa.selenium.remote.server.DefaultDriverSessions.<init>(DefaultDriverSessions.java:56)
	at org.openqa.selenium.server.SeleniumServer.assembleHandlers(SeleniumServer.java:362)
	at org.openqa.selenium.server.SeleniumServer.createJettyServer(SeleniumServer.java:322)
	at org.openqa.selenium.server.SeleniumServer.<init>(SeleniumServer.java:277)
	at org.openqa.selenium.server.SeleniumServer.main(SeleniumServer.java:244)
Caused by: java.lang.ClassNotFoundException: org.openqa.selenium.remote.RenderedRemoteWebElement
	at java.net.URLClassLoader$1.run(URLClassLoader.java:366)
	at java.net.URLClassLoader$1.run(URLClassLoader.java:355)
	at java.security.AccessController.doPrivileged(Native Method)
	at java.net.URLClassLoader.findClass(URLClassLoader.java:354)
	at java.lang.ClassLoader.loadClass(ClassLoader.java:425)
	at sun.misc.Launcher$AppClassLoader.loadClass(Launcher.java:308)
	at java.lang.ClassLoader.loadClass(ClassLoader.java:358)
	... 22 more
17:20:03,543 INFO  [org.openqa.selenium.server.SeleniumServer] RemoteWebDriver instances should connect to: http://127.0.0.1:4444/wd/hub
17:20:03,544 INFO  [org.openqa.jetty.http.HttpServer] Version Jetty/5.1.x
17:20:03,545 INFO  [org.openqa.jetty.util.Container] Started HttpContext[/selenium-server/driver,/selenium-server/driver]
17:20:03,545 INFO  [org.openqa.jetty.util.Container] Started HttpContext[/selenium-server,/selenium-server]
17:20:03,546 INFO  [org.openqa.jetty.util.Container] Started HttpContext[/,/]
17:20:03,577 INFO  [org.openqa.jetty.util.Container] Started org.openqa.jetty.jetty.servlet.ServletHandler@5ae99cbb
17:20:03,577 INFO  [org.openqa.jetty.util.Container] Started HttpContext[/wd,/wd]
17:20:03,582 INFO  [org.openqa.jetty.http.SocketListener] Started SocketListener on 0.0.0.0:4444
17:20:03,582 INFO  [org.openqa.jetty.util.Container] Started org.openqa.jetty.jetty.Server@1c093b3c
17:20:04.129 INFO - Checking Resource aliases
